<?xml version="1.0" encoding="UTF-8"?>
<testng-results ignored="0" total="1" passed="1" failed="0" skipped="0">
  <reporter-output>
  </reporter-output>
  <suite started-at="2020-03-31T14:14:23 IST" name="Default suite" finished-at="2020-03-31T14:14:32 IST" duration-ms="8403">
    <groups>
    </groups>
    <test started-at="2020-03-31T14:14:23 IST" name="Default test" finished-at="2020-03-31T14:14:32 IST" duration-ms="8403">
      <class name="TestApp">
        <test-method signature="test()[pri:0, instance:TestApp@1e730495]" started-at="2020-03-31T14:14:23 IST" name="test" finished-at="2020-03-31T14:14:32 IST" duration-ms="8338" status="PASS">
          <reporter-output>
          </reporter-output>
        </test-method> <!-- test -->
      </class> <!-- TestApp -->
    </test> <!-- Default test -->
  </suite> <!-- Default suite -->
</testng-results>
